TN:
SF:ExpressError.js
FN:2,(anonymous_0)
FNF:1
FNH:1
FNDA:4,(anonymous_0)
DA:3,4
DA:4,4
DA:5,4
DA:6,4
DA:7,0
DA:12,1
LF:6
LH:5
BRDA:6,0,0,0
BRDA:6,0,1,4
BRF:2
BRH:1
end_of_record
TN:
SF:app.js
FN:12,(anonymous_0)
FNF:1
FNH:1
FNDA:4,(anonymous_0)
DA:1,1
DA:2,1
DA:6,1
DA:8,1
DA:10,1
DA:12,1
DA:14,4
DA:15,4
DA:18,4
DA:23,1
LF:10
LH:10
BRDA:14,0,0,4
BRDA:14,0,1,0
BRF:2
BRH:1
end_of_record
TN:
SF:fakeDb.js
FNF:0
FNH:0
DA:1,1
DA:3,1
LF:2
LH:2
BRF:0
BRH:0
end_of_record
TN:
SF:itemRoutes.js
FN:7,(anonymous_0)
FN:12,(anonymous_1)
FN:19,(anonymous_2)
FN:33,(anonymous_3)
FN:51,(anonymous_4)
FNF:5
FNH:5
FNDA:1,(anonymous_0)
FNDA:1,(anonymous_1)
FNDA:5,(anonymous_2)
FNDA:2,(anonymous_3)
FNDA:2,(anonymous_4)
DA:1,1
DA:2,1
DA:3,1
DA:4,1
DA:7,1
DA:8,1
DA:12,1
DA:13,1
DA:14,1
DA:15,1
DA:19,1
DA:20,5
DA:21,5
DA:22,5
DA:23,3
DA:26,2
DA:28,2
DA:33,1
DA:34,2
DA:35,2
DA:36,2
DA:37,2
DA:38,1
DA:39,2
DA:41,1
DA:44,1
DA:46,1
DA:51,1
DA:52,2
DA:53,2
DA:54,2
DA:56,1
DA:57,1
DA:60,1
DA:62,1
DA:66,1
LF:36
LH:36
BRDA:22,0,0,3
BRDA:22,0,1,2
BRDA:37,1,0,1
BRDA:37,1,1,1
BRDA:54,2,0,1
BRDA:54,2,1,1
BRF:6
BRH:6
end_of_record
